Using pre-set license
Built from '2020.3/release' branch; Version is '2020.3.31f1 (6b54b7616050) revision 7034039'; Using compiler version '192528614'; Build Type 'Release'
OS: 'Windows 10  (10.0.19044) 64bit Core' Language: 'en' Physical Memory: 32631 MB
BatchMode: 1, IsHumanControllingUs: 0, StartBugReporterOnCrash: 0, Is64bit: 1, IsPro: 0

COMMAND LINE ARGUMENTS:
D:\Unity\2020.3.31f1\Editor\Unity.exe
-adb2
-batchMode
-noUpm
-name
AssetImportWorker0
-projectPath
C:/Users/srive/Documents/Projects/VC/Github/Unity/BadBirdsUnity/client
-logFile
Logs/AssetImportWorker0.log
-srvPort
57425
Successfully changed project path to: C:/Users/srive/Documents/Projects/VC/Github/Unity/BadBirdsUnity/client
C:/Users/srive/Documents/Projects/VC/Github/Unity/BadBirdsUnity/client
Using Asset Import Pipeline V2.
Refreshing native plugins compatible for Editor in 42.46 ms, found 3 plugins.
Preloading 0 native plugins for Editor in 0.00 ms.
Initialize engine version: 2020.3.31f1 (6b54b7616050)
[Subsystems] Discovering subsystems at path D:/Unity/2020.3.31f1/Editor/Data/Resources/UnitySubsystems
[Subsystems] Discovering subsystems at path C:/Users/srive/Documents/Projects/VC/Github/Unity/BadBirdsUnity/client/Assets
GfxDevice: creating device client; threaded=0
Direct3D:
    Version:  Direct3D 11.0 [level 11.1]
    Renderer: NVIDIA GeForce RTX 3060 Laptop GPU (ID=0x2520)
    Vendor:   
    VRAM:     6023 MB
    Driver:   30.0.15.1215
Initialize mono
Mono path[0] = 'D:/Unity/2020.3.31f1/Editor/Data/Managed'
Mono path[1] = 'D:/Unity/2020.3.31f1/Editor/Data/MonoBleedingEdge/lib/mono/unityjit'
Mono config path = 'D:/Unity/2020.3.31f1/Editor/Data/MonoBleedingEdge/etc'
Using monoOptions --debugger-agent=transport=dt_socket,embedding=1,server=y,suspend=n,address=127.0.0.1:56404
Begin MonoManager ReloadAssembly
Registering precompiled unity dll's ...
Register platform support module: D:/Unity/2020.3.31f1/Editor/Data/PlaybackEngines/WebGLSupport/UnityEditor.WebGL.Extensions.dll
Register platform support module: D:/Unity/2020.3.31f1/Editor/Data/PlaybackEngines/WindowsStandaloneSupport/UnityEditor.WindowsStandalone.Extensions.dll
Registered in 0.001771 seconds.
Native extension for WindowsStandalone target not found
Native extension for WebGL target not found
Refreshing native plugins compatible for Editor in 41.13 ms, found 3 plugins.
Preloading 0 native plugins for Editor in 0.00 ms.
Mono: successfully reloaded assembly
- Completed reload, in  0.561 seconds
Domain Reload Profiling:
	ReloadAssembly (561ms)
		BeginReloadAssembly (71ms)
			ExecutionOrderSort (0ms)
			DisableScriptedObjects (0ms)
			BackupInstance (0ms)
			ReleaseScriptingObjects (0ms)
			CreateAndSetChildDomain (1ms)
		EndReloadAssembly (426ms)
			LoadAssemblies (71ms)
			RebuildTransferFunctionScriptingTraits (0ms)
			SetupTypeCache (143ms)
			ReleaseScriptCaches (0ms)
			RebuildScriptCaches (33ms)
			SetupLoadedEditorAssemblies (162ms)
				LogAssemblyErrors (0ms)
				InitializePlatformSupportModulesInManaged (5ms)
				SetLoadedEditorAssemblies (0ms)
				RefreshPlugins (41ms)
				BeforeProcessingInitializeOnLoad (11ms)
				ProcessInitializeOnLoadAttributes (79ms)
				ProcessInitializeOnLoadMethodAttributes (25ms)
				AfterProcessingInitializeOnLoad (0ms)
				EditorAssembliesLoaded (0ms)
			ExecutionOrderSort2 (0ms)
			AwakeInstancesAfterBackupRestoration (0ms)
Platform modules already initialized, skipping
Registering precompiled user dll's ...
Registered in 0.004565 seconds.
Begin MonoManager ReloadAssembly
Native extension for WindowsStandalone target not found
Native extension for WebGL target not found
Refreshing native plugins compatible for Editor in 41.88 ms, found 3 plugins.
Preloading 0 native plugins for Editor in 0.00 ms.
Mono: successfully reloaded assembly
- Completed reload, in  1.156 seconds
Domain Reload Profiling:
	ReloadAssembly (1157ms)
		BeginReloadAssembly (156ms)
			ExecutionOrderSort (0ms)
			DisableScriptedObjects (4ms)
			BackupInstance (0ms)
			ReleaseScriptingObjects (0ms)
			CreateAndSetChildDomain (18ms)
		EndReloadAssembly (947ms)
			LoadAssemblies (108ms)
			RebuildTransferFunctionScriptingTraits (0ms)
			SetupTypeCache (284ms)
			ReleaseScriptCaches (0ms)
			RebuildScriptCaches (51ms)
			SetupLoadedEditorAssemblies (413ms)
				LogAssemblyErrors (0ms)
				InitializePlatformSupportModulesInManaged (4ms)
				SetLoadedEditorAssemblies (0ms)
				RefreshPlugins (42ms)
				BeforeProcessingInitializeOnLoad (127ms)
				ProcessInitializeOnLoadAttributes (220ms)
				ProcessInitializeOnLoadMethodAttributes (16ms)
				AfterProcessingInitializeOnLoad (3ms)
				EditorAssembliesLoaded (0ms)
			ExecutionOrderSort2 (0ms)
			AwakeInstancesAfterBackupRestoration (6ms)
Platform modules already initialized, skipping
========================================================================
Worker process is ready to serve import requests
Launched and connected shader compiler UnityShaderCompiler.exe after 0.08 seconds
Refreshing native plugins compatible for Editor in 0.44 ms, found 3 plugins.
Preloading 0 native plugins for Editor in 0.00 ms.
Unloading 2219 Unused Serialized files (Serialized files now loaded: 0)
System memory in use before: 97.5 MB.
System memory in use after: 97.6 MB.

Unloading 27 unused Assets to reduce memory usage. Loaded Objects now: 2661.
Total: 3.679700 ms (FindLiveObjects: 0.186900 ms CreateObjectMapping: 0.160700 ms MarkObjects: 3.176500 ms  DeleteObjects: 0.154400 ms)

AssetImportParameters requested are different than current active one (requested -> active):
  custom:framework-win-MediaFoundation: 216162199b28c13a410421893ffa2e32 -> 
  custom:video-decoder-ogg-theora: a1e56fd34408186e4bbccfd4996cb3dc -> 
  custom:container-muxer-webm: aa71ff27fc2769a1b78a27578f13a17b -> 
  custom:container-demuxer-webm: 4f35f7cbe854078d1ac9338744f61a02 -> 
  custom:container-demuxer-ogg: 62fdf1f143b41e24485cea50d1cbac27 -> 
  custom:video-encoder-webm-vp8: eb34c28f22e8b96e1ab97ce403110664 -> 
  custom:video-decoder-webm-vp8: 9c59270c3fd7afecdb556c50c9e8de78 -> 
  custom:audio-decoder-ogg-vorbis: bf7c407c2cedff20999df2af8eb42d56 -> 
  custom:audio-encoder-webm-vorbis: bf7c407c2cedff20999df2af8eb42d56 -> 
========================================================================
Received Import Request.
  path: Assets/Scenes/Main.unity
  artifactKey: Guid(87674a342b5a0d343b4ff1be75b07d44) Importer(815301076,1909f56bfc062723c751e8b465ee728b)
Start importing Assets/Scenes/Main.unity using Guid(87674a342b5a0d343b4ff1be75b07d44) Importer(815301076,1909f56bfc062723c751e8b465ee728b)  -> (artifact id: 'd140bbc1946379714f2b44c58796d4be') in 0.004908 seconds 
========================================================================
Received Import Request.
  Time since last request: 56.217546 seconds.
  path: Assets/3rdParty/DOTween
  artifactKey: Guid(bb14df692f3e0e843b2bc271d45a13af) Importer(815301076,1909f56bfc062723c751e8b465ee728b)
Start importing Assets/3rdParty/DOTween using Guid(bb14df692f3e0e843b2bc271d45a13af) Importer(815301076,1909f56bfc062723c751e8b465ee728b)  -> (artifact id: '8ad06df51df52e7b349be0fa7951ff44') in 0.002496 seconds 
========================================================================
Received Import Request.
  Time since last request: 4.904835 seconds.
  path: Assets/3rdParty/DOTween/DOTween/readme.txt
  artifactKey: Guid(fccfc62abf2eb0a4db614853430894fd) Importer(815301076,1909f56bfc062723c751e8b465ee728b)
Start importing Assets/3rdParty/DOTween/DOTween/readme.txt using Guid(fccfc62abf2eb0a4db614853430894fd) Importer(815301076,1909f56bfc062723c751e8b465ee728b)  -> (artifact id: '1e5dd48bbc529a45dcc8d8b975fda56d') in 0.045096 seconds 
========================================================================
Received Import Request.
  Time since last request: 406.840958 seconds.
  path: Assets/3rdParty
  artifactKey: Guid(f91d9ef3dc5d22545918658b438fa221) Importer(815301076,1909f56bfc062723c751e8b465ee728b)
Start importing Assets/3rdParty using Guid(f91d9ef3dc5d22545918658b438fa221) Importer(815301076,1909f56bfc062723c751e8b465ee728b)  -> (artifact id: '78623361b75111b76a4a4d274c1733b5') in 0.002695 seconds 
========================================================================
Received Prepare
Registering precompiled user dll's ...
Registered in 0.004268 seconds.
Begin MonoManager ReloadAssembly
Native extension for WindowsStandalone target not found
Native extension for WebGL target not found
Refreshing native plugins compatible for Editor in 0.55 ms, found 3 plugins.
Preloading 0 native plugins for Editor in 0.00 ms.
Mono: successfully reloaded assembly
- Completed reload, in  1.647 seconds
Domain Reload Profiling:
	ReloadAssembly (1648ms)
		BeginReloadAssembly (310ms)
			ExecutionOrderSort (0ms)
			DisableScriptedObjects (8ms)
			BackupInstance (0ms)
			ReleaseScriptingObjects (0ms)
			CreateAndSetChildDomain (123ms)
		EndReloadAssembly (1252ms)
			LoadAssemblies (213ms)
			RebuildTransferFunctionScriptingTraits (0ms)
			SetupTypeCache (472ms)
			ReleaseScriptCaches (2ms)
			RebuildScriptCaches (72ms)
			SetupLoadedEditorAssemblies (429ms)
				LogAssemblyErrors (0ms)
				InitializePlatformSupportModulesInManaged (7ms)
				SetLoadedEditorAssemblies (1ms)
				RefreshPlugins (1ms)
				BeforeProcessingInitializeOnLoad (123ms)
				ProcessInitializeOnLoadAttributes (277ms)
				ProcessInitializeOnLoadMethodAttributes (17ms)
				AfterProcessingInitializeOnLoad (4ms)
				EditorAssembliesLoaded (0ms)
			ExecutionOrderSort2 (0ms)
			AwakeInstancesAfterBackupRestoration (14ms)
Platform modules already initialized, skipping
Refreshing native plugins compatible for Editor in 0.70 ms, found 3 plugins.
Preloading 0 native plugins for Editor in 0.00 ms.
Unloading 2208 Unused Serialized files (Serialized files now loaded: 0)
System memory in use before: 97.0 MB.
System memory in use after: 97.1 MB.

Unloading 16 unused Assets to reduce memory usage. Loaded Objects now: 2664.
Total: 3.591100 ms (FindLiveObjects: 0.231600 ms CreateObjectMapping: 0.211200 ms MarkObjects: 3.123100 ms  DeleteObjects: 0.024000 ms)

AssetImportParameters requested are different than current active one (requested -> active):
  custom:framework-win-MediaFoundation: 216162199b28c13a410421893ffa2e32 -> 
  custom:video-decoder-ogg-theora: a1e56fd34408186e4bbccfd4996cb3dc -> 
  custom:container-muxer-webm: aa71ff27fc2769a1b78a27578f13a17b -> 
  custom:container-demuxer-webm: 4f35f7cbe854078d1ac9338744f61a02 -> 
  custom:container-demuxer-ogg: 62fdf1f143b41e24485cea50d1cbac27 -> 
  custom:video-encoder-webm-vp8: eb34c28f22e8b96e1ab97ce403110664 -> 
  custom:video-decoder-webm-vp8: 9c59270c3fd7afecdb556c50c9e8de78 -> 
  custom:audio-decoder-ogg-vorbis: bf7c407c2cedff20999df2af8eb42d56 -> 
  custom:audio-encoder-webm-vorbis: bf7c407c2cedff20999df2af8eb42d56 -> 
========================================================================
Received Import Request.
  Time since last request: 6.188301 seconds.
  path: Assets/3rdParty/2D
  artifactKey: Guid(5ca96dce22aa47c4590ad8a8f8264dfa) Importer(815301076,1909f56bfc062723c751e8b465ee728b)
Start importing Assets/3rdParty/2D using Guid(5ca96dce22aa47c4590ad8a8f8264dfa) Importer(815301076,1909f56bfc062723c751e8b465ee728b)  -> (artifact id: '7712eef0859af7290ca738782d17467f') in 0.006337 seconds 
========================================================================
Received Import Request.
  Time since last request: 9.284044 seconds.
  path: Assets/3rdParty/2D/NewBehaviourScript.cs
  artifactKey: Guid(b5599ebdebda2e34dbc52947fb1449eb) Importer(815301076,1909f56bfc062723c751e8b465ee728b)
Start importing Assets/3rdParty/2D/NewBehaviourScript.cs using Guid(b5599ebdebda2e34dbc52947fb1449eb) Importer(815301076,1909f56bfc062723c751e8b465ee728b)  -> (artifact id: '74e96638a4bab652378b12fba032a350') in 0.034691 seconds 
========================================================================
Received Import Request.
  Time since last request: 0.000167 seconds.
  path: Assets/Animation
  artifactKey: Guid(6adc5da5ee6f48d439b9fd3c04496308) Importer(815301076,1909f56bfc062723c751e8b465ee728b)
Start importing Assets/Animation using Guid(6adc5da5ee6f48d439b9fd3c04496308) Importer(815301076,1909f56bfc062723c751e8b465ee728b)  -> (artifact id: '367c8ac76eaf6cae071b5fccd689a943') in 0.002245 seconds 
========================================================================
Received Import Request.
  Time since last request: 5.529211 seconds.
  path: Assets/3rdParty/2D 1
  artifactKey: Guid(e1e28f8fc043f4448ba935dc8383dedc) Importer(815301076,1909f56bfc062723c751e8b465ee728b)
Start importing Assets/3rdParty/2D 1 using Guid(e1e28f8fc043f4448ba935dc8383dedc) Importer(815301076,1909f56bfc062723c751e8b465ee728b)  -> (artifact id: '6e5455ed2843a7da2c5e11710473cd09') in 0.003457 seconds 
========================================================================
Received Import Request.
  Time since last request: 7.781683 seconds.
  path: Assets/3rdParty/2D Sprite Kit
  artifactKey: Guid(e1e28f8fc043f4448ba935dc8383dedc) Importer(815301076,1909f56bfc062723c751e8b465ee728b)
Start importing Assets/3rdParty/2D Sprite Kit using Guid(e1e28f8fc043f4448ba935dc8383dedc) Importer(815301076,1909f56bfc062723c751e8b465ee728b)  -> (artifact id: '95fc44b6f8deb962d4355b101b313f5e') in 0.003228 seconds 
========================================================================
Received Import Request.
  Time since last request: 3.831503 seconds.
  path: Assets/3rdParty/Unity
  artifactKey: Guid(5ca96dce22aa47c4590ad8a8f8264dfa) Importer(815301076,1909f56bfc062723c751e8b465ee728b)
Start importing Assets/3rdParty/Unity using Guid(5ca96dce22aa47c4590ad8a8f8264dfa) Importer(815301076,1909f56bfc062723c751e8b465ee728b)  -> (artifact id: '1eea5f2a92dc3f54e5165e76a9b6cc8f') in 0.003723 seconds 
========================================================================
Received Import Request.
  Time since last request: 12.480746 seconds.
  path: Assets/3rdParty/Unity/2D Sprite Kit/Textures
  artifactKey: Guid(59af42c7e1502654dbc292e4ada89d59) Importer(815301076,1909f56bfc062723c751e8b465ee728b)
Start importing Assets/3rdParty/Unity/2D Sprite Kit/Textures using Guid(59af42c7e1502654dbc292e4ada89d59) Importer(815301076,1909f56bfc062723c751e8b465ee728b)  -> (artifact id: '08c25748740f0186d9f3571b5f5bc5c8') in 0.003534 seconds 
========================================================================
Received Import Request.
  Time since last request: 4.188188 seconds.
  path: Assets/3rdParty/Unity/2D Sprite Kit/Sprites
  artifactKey: Guid(59af42c7e1502654dbc292e4ada89d59) Importer(815301076,1909f56bfc062723c751e8b465ee728b)
Start importing Assets/3rdParty/Unity/2D Sprite Kit/Sprites using Guid(59af42c7e1502654dbc292e4ada89d59) Importer(815301076,1909f56bfc062723c751e8b465ee728b)  -> (artifact id: '35cfeb147cd62b39194febb4fbc1f305') in 0.005171 seconds 
========================================================================
Received Import Request.
  Time since last request: 7.272394 seconds.
  path: Assets/Audio/Audio
  artifactKey: Guid(2cd120e62c459af438123205822f18df) Importer(815301076,1909f56bfc062723c751e8b465ee728b)
Start importing Assets/Audio/Audio using Guid(2cd120e62c459af438123205822f18df) Importer(815301076,1909f56bfc062723c751e8b465ee728b)  -> (artifact id: '4dcd34b244db4378f40b88befd77d6b7') in 0.003961 seconds 
========================================================================
Received Import Request.
  Time since last request: 2.665291 seconds.
  path: Assets/Audio/AudioClips
  artifactKey: Guid(2cd120e62c459af438123205822f18df) Importer(815301076,1909f56bfc062723c751e8b465ee728b)
Start importing Assets/Audio/AudioClips using Guid(2cd120e62c459af438123205822f18df) Importer(815301076,1909f56bfc062723c751e8b465ee728b)  -> (artifact id: '07c91a37595d8b301f4321479f02973d') in 0.003444 seconds 
========================================================================
Received Import Request.
  Time since last request: 2.366973 seconds.
  path: Assets/Audio
  artifactKey: Guid(4522ad0b680494b4e9f8340c54f2bdb8) Importer(815301076,1909f56bfc062723c751e8b465ee728b)
Start importing Assets/Audio using Guid(4522ad0b680494b4e9f8340c54f2bdb8) Importer(815301076,1909f56bfc062723c751e8b465ee728b)  -> (artifact id: '1114ccd06efe101a3b749f64d5944daa') in 0.002570 seconds 
========================================================================
Received Import Request.
  Time since last request: 5.244648 seconds.
  path: Assets/Audio/AudioMixers
  artifactKey: Guid(fcca76d9d7232a546bbbc30eaedf5684) Importer(815301076,1909f56bfc062723c751e8b465ee728b)
Start importing Assets/Audio/AudioMixers using Guid(fcca76d9d7232a546bbbc30eaedf5684) Importer(815301076,1909f56bfc062723c751e8b465ee728b)  -> (artifact id: '8549e469154af57d2a6cff783452a497') in 0.003327 seconds 
========================================================================
Received Import Request.
  Time since last request: 4.523334 seconds.
  path: Assets/Imported
  artifactKey: Guid(c1feb01208f4d0848af66dd56275e4be) Importer(815301076,1909f56bfc062723c751e8b465ee728b)
Start importing Assets/Imported using Guid(c1feb01208f4d0848af66dd56275e4be) Importer(815301076,1909f56bfc062723c751e8b465ee728b)  -> (artifact id: 'c5e22e68e0b358c4ecb00e54c66cd49b') in 0.003453 seconds 
========================================================================
Received Import Request.
  Time since last request: 12.641623 seconds.
  path: Assets/Audio/Materials
  artifactKey: Guid(766c152119976734da7ac8a5df1b3d07) Importer(815301076,1909f56bfc062723c751e8b465ee728b)
Start importing Assets/Audio/Materials using Guid(766c152119976734da7ac8a5df1b3d07) Importer(815301076,1909f56bfc062723c751e8b465ee728b)  -> (artifact id: 'ff9ae12df7d00fc8fa039fe4dcbfc34f') in 0.003564 seconds 
========================================================================
Received Import Request.
  Time since last request: 2.511289 seconds.
  path: Assets/Audio/Sprites
  artifactKey: Guid(766c152119976734da7ac8a5df1b3d07) Importer(815301076,1909f56bfc062723c751e8b465ee728b)
Start importing Assets/Audio/Sprites using Guid(766c152119976734da7ac8a5df1b3d07) Importer(815301076,1909f56bfc062723c751e8b465ee728b)  -> (artifact id: 'bf04a5119728250efb7ea26d5460c2c4') in 0.002480 seconds 
========================================================================
Received Import Request.
  Time since last request: 1.068013 seconds.
  path: Assets/Audio/Sprites/SkyTileSprite.png
  artifactKey: Guid(24770088dedc9e84b97afaa1c612d506) Importer(815301076,1909f56bfc062723c751e8b465ee728b)
Start importing Assets/Audio/Sprites/SkyTileSprite.png using Guid(24770088dedc9e84b97afaa1c612d506) Importer(815301076,1909f56bfc062723c751e8b465ee728b)  -> (artifact id: '8ecc7a11ab63aa7085c813dcb0fdfe58') in 0.082471 seconds 
========================================================================
Received Import Request.
  Time since last request: 147.541333 seconds.
  path: Assets/3rdParty/DOTween/Resources
  artifactKey: Guid(fc04a4bd8cc131f4a862f960dc4ec537) Importer(815301076,1909f56bfc062723c751e8b465ee728b)
Start importing Assets/3rdParty/DOTween/Resources using Guid(fc04a4bd8cc131f4a862f960dc4ec537) Importer(815301076,1909f56bfc062723c751e8b465ee728b)  -> (artifact id: '434a966dfbbf6ed3902633dee538b394') in 0.002909 seconds 
========================================================================
Received Import Request.
  Time since last request: 0.345529 seconds.
  path: Assets/3rdParty/DOTween/DOTween
  artifactKey: Guid(5733206a629098b448b64a9da9ea5282) Importer(815301076,1909f56bfc062723c751e8b465ee728b)
Start importing Assets/3rdParty/DOTween/DOTween using Guid(5733206a629098b448b64a9da9ea5282) Importer(815301076,1909f56bfc062723c751e8b465ee728b)  -> (artifact id: '75f8dcf285a27f2f166159c3abbe2432') in 0.002571 seconds 
AssetImportWorkerClient::OnTransportError - code=2 error=End of file
